<?xml version="1.0" encoding="UTF-8"?>
<!-- Generated by org.testng.reporters.JUnitXMLReporter -->
<testsuite hostname="DIGITAL-0070" ignored="0" name="Test" tests="4" failures="0" timestamp="18 May 2022 10:26:10 GMT" time="110.101" errors="0">
  <testcase name="Final_Run" time="27.869" classname="Main_Runner.Main_Field_Running"/>
  <testcase name="Final_Run" time="28.435" classname="Main_Runner.Main_Field_Running"/>
  <testcase name="Final_Run" time="26.714" classname="Main_Runner.Main_Field_Running"/>
  <testcase name="Final_Run" time="26.158" classname="Main_Runner.Main_Field_Running"/>
</testsuite> <!-- Test -->
