<?xml version="1.0" encoding="UTF-8"?>
<testng-results skipped="0" failed="0" ignored="0" total="1" passed="1">
  <reporter-output>
  </reporter-output>
  <suite name="Default suite" duration-ms="19699" started-at="2022-05-10T15:03:46Z" finished-at="2022-05-10T15:04:06Z">
    <groups>
    </groups>
    <test name="Default test" duration-ms="19699" started-at="2022-05-10T15:03:46Z" finished-at="2022-05-10T15:04:06Z">
      <class name="Main_Running">
        <test-method status="PASS" signature="ExtentReports()[pri:0, instance:Main_Running@418e7838]" name="ExtentReports" is-config="true" duration-ms="119" started-at="2022-05-10T15:03:46Z" finished-at="2022-05-10T15:03:46Z">
          <reporter-output>
          </reporter-output>
        </test-method> <!-- ExtentReports -->
        <test-method status="PASS" signature="Complete_Run(java.lang.String, java.lang.String, java.lang.String, java.lang.String)[pri:0, instance:Main_Running@418e7838]" name="Complete_Run" duration-ms="18958" started-at="2022-05-10T15:03:47Z" data-provider="getTestData" finished-at="2022-05-10T15:04:06Z">
          <params>
            <param index="0">
              <value>
                <![CDATA[7904501736]]>
              </value>
            </param>
            <param index="1">
              <value>
                <![CDATA[606201]]>
              </value>
            </param>
            <param index="2">
              <value>
                <![CDATA[sathish@gmail.com]]>
              </value>
            </param>
            <param index="3">
              <value>
                <![CDATA[111111]]>
              </value>
            </param>
          </params>
          <reporter-output>
          </reporter-output>
        </test-method> <!-- Complete_Run -->
        <test-method status="PASS" signature="tearDown()[pri:0, instance:Main_Running@418e7838]" name="tearDown" is-config="true" duration-ms="1" started-at="2022-05-10T15:04:06Z" finished-at="2022-05-10T15:04:06Z">
          <reporter-output>
          </reporter-output>
        </test-method> <!-- tearDown -->
      </class> <!-- Main_Running -->
    </test> <!-- Default test -->
  </suite> <!-- Default suite -->
</testng-results>
