<?xml version="1.0" encoding="UTF-8"?>
<!-- Generated by org.testng.reporters.JUnitXMLReporter -->
<testsuite hostname="DIGITAL-0070" ignored="0" name="Test" tests="15" failures="0" timestamp="17 May 2022 20:20:44 GMT" time="2881.639" errors="0">
  <testcase name="All_Pages" time="206.821" classname="Runner_Package.Running_Class"/>
  <testcase name="All_Pages" time="204.706" classname="Runner_Package.Running_Class"/>
  <testcase name="All_Pages" time="204.985" classname="Runner_Package.Running_Class"/>
  <testcase name="All_Pages" time="204.756" classname="Runner_Package.Running_Class"/>
  <testcase name="All_Pages" time="122.3" classname="Runner_Package.Running_Class"/>
  <testcase name="All_Pages" time="203.759" classname="Runner_Package.Running_Class"/>
  <testcase name="All_Pages" time="202.709" classname="Runner_Package.Running_Class"/>
  <testcase name="All_Pages" time="204.698" classname="Runner_Package.Running_Class"/>
  <testcase name="All_Pages" time="206.441" classname="Runner_Package.Running_Class"/>
  <testcase name="All_Pages" time="120.868" classname="Runner_Package.Running_Class"/>
  <testcase name="All_Pages" time="202.817" classname="Runner_Package.Running_Class"/>
  <testcase name="All_Pages" time="206.621" classname="Runner_Package.Running_Class"/>
  <testcase name="All_Pages" time="289.362" classname="Runner_Package.Running_Class"/>
  <testcase name="All_Pages" time="177.455" classname="Runner_Package.Running_Class"/>
  <testcase name="All_Pages" time="121.999" classname="Runner_Package.Running_Class"/>
</testsuite> <!-- Test -->
