<?xml version="1.0" encoding="UTF-8"?>
<testng-results skipped="0" failed="0" ignored="0" total="1" passed="1">
  <reporter-output>
  </reporter-output>
  <suite name="Default suite" duration-ms="58438" started-at="2022-05-16T15:46:34Z" finished-at="2022-05-16T15:47:32Z">
    <groups>
    </groups>
    <test name="Default test" duration-ms="58438" started-at="2022-05-16T15:46:34Z" finished-at="2022-05-16T15:47:32Z">
      <class name="Main_Runner.Running_Class">
        <test-method status="PASS" signature="ExtentReport()[pri:0, instance:Main_Runner.Running_Class@4c9f8c13]" name="ExtentReport" is-config="true" duration-ms="109" started-at="2022-05-16T21:16:34Z" finished-at="2022-05-16T21:16:34Z">
          <reporter-output>
          </reporter-output>
        </test-method> <!-- ExtentReport -->
        <test-method status="PASS" signature="Mobile_Validation(java.lang.String, java.lang.String, java.lang.String, java.lang.String, java.lang.String, java.lang.String, java.lang.String, java.lang.String, java.lang.String, java.lang.String, java.lang.String, java.lang.String, java.lang.String, java.lang.String, java.lang.String, java.lang.String, java.lang.String, java.lang.String, java.lang.String, java.lang.String, java.lang.String, java.lang.String, java.lang.String, java.lang.String, java.lang.String, java.lang.String, java.lang.String, java.lang.String, java.lang.String, java.lang.String, java.lang.String, java.lang.String, java.lang.String, java.lang.String, java.lang.String, java.lang.String, java.lang.String, java.lang.String, java.lang.String, java.lang.String, java.lang.String, java.lang.String, java.lang.String, java.lang.String, java.lang.String, java.lang.String, java.lang.String, java.lang.String, java.lang.String, java.lang.String, java.lang.String, java.lang.String, java.lang.String, java.lang.String, java.lang.String, java.lang.String, java.lang.String, java.lang.String, java.lang.String, java.lang.String, java.lang.String, java.lang.String, java.lang.String, java.lang.String, java.lang.String, java.lang.String, java.lang.String, java.lang.String, java.lang.String, java.lang.String)[pri:0, instance:Main_Runner.Running_Class@4c9f8c13]" name="Mobile_Validation" duration-ms="57490" started-at="2022-05-16T21:16:34Z" data-provider="getTestData" finished-at="2022-05-16T21:17:32Z">
          <params>
            <param index="0">
              <value>
                <![CDATA[6666666664]]>
              </value>
            </param>
            <param index="1">
              <value>
                <![CDATA[600004]]>
              </value>
            </param>
            <param index="2">
              <value>
                <![CDATA[sathish@gmail.com]]>
              </value>
            </param>
            <param index="3">
              <value>
                <![CDATA[111111]]>
              </value>
            </param>
            <param index="4">
              <value>
                <![CDATA[25]]>
              </value>
            </param>
            <param index="5">
              <value>
                <![CDATA[12]]>
              </value>
            </param>
            <param index="6">
              <value>
                <![CDATA[onMaturity]]>
              </value>
            </param>
            <param index="7">
              <value>
                <![CDATA[Yes]]>
              </value>
            </param>
            <param index="8">
              <value>
                <![CDATA[Iteration_1]]>
              </value>
            </param>
            <param index="9">
              <value>
                <![CDATA[1]]>
              </value>
            </param>
            <param index="10">
              <value>
                <![CDATA[KFEPS4704E]]>
              </value>
            </param>
            <param index="11">
              <value>
                <![CDATA[]]>
              </value>
            </param>
            <param index="12">
              <value>
                <![CDATA[]]>
              </value>
            </param>
            <param index="13">
              <value>
                <![CDATA[Sree]]>
              </value>
            </param>
            <param index="14">
              <value>
                <![CDATA[]]>
              </value>
            </param>
            <param index="15">
              <value>
                <![CDATA[]]>
              </value>
            </param>
            <param index="16">
              <value>
                <![CDATA[]]>
              </value>
            </param>
            <param index="17">
              <value>
                <![CDATA[]]>
              </value>
            </param>
            <param index="18">
              <value>
                <![CDATA[]]>
              </value>
            </param>
            <param index="19">
              <value>
                <![CDATA[]]>
              </value>
            </param>
            <param index="20">
              <value>
                <![CDATA[PASSPORT]]>
              </value>
            </param>
            <param index="21">
              <value>
                <![CDATA[123456789]]>
              </value>
            </param>
            <param index="22">
              <value>
                <![CDATA[C:/Users/s2605/Desktop/Untitled.jpg]]>
              </value>
            </param>
            <param index="23">
              <value>
                <![CDATA[]]>
              </value>
            </param>
            <param index="24">
              <value>
                <![CDATA[]]>
              </value>
            </param>
            <param index="25">
              <value>
                <![CDATA[]]>
              </value>
            </param>
            <param index="26">
              <value>
                <![CDATA[]]>
              </value>
            </param>
            <param index="27">
              <value>
                <![CDATA[]]>
              </value>
            </param>
            <param index="28">
              <value>
                <![CDATA[]]>
              </value>
            </param>
            <param index="29">
              <value>
                <![CDATA[]]>
              </value>
            </param>
            <param index="30">
              <value>
                <![CDATA[]]>
              </value>
            </param>
            <param index="31">
              <value>
                <![CDATA[]]>
              </value>
            </param>
            <param index="32">
              <value>
                <![CDATA[]]>
              </value>
            </param>
            <param index="33">
              <value>
                <![CDATA[]]>
              </value>
            </param>
            <param index="34">
              <value>
                <![CDATA[]]>
              </value>
            </param>
            <param index="35">
              <value>
                <![CDATA[]]>
              </value>
            </param>
            <param index="36">
              <value>
                <![CDATA[]]>
              </value>
            </param>
            <param index="37">
              <value>
                <![CDATA[]]>
              </value>
            </param>
            <param index="38">
              <value>
                <![CDATA[]]>
              </value>
            </param>
            <param index="39">
              <value>
                <![CDATA[]]>
              </value>
            </param>
            <param index="40">
              <value>
                <![CDATA[]]>
              </value>
            </param>
            <param index="41">
              <value>
                <![CDATA[]]>
              </value>
            </param>
            <param index="42">
              <value>
                <![CDATA[]]>
              </value>
            </param>
            <param index="43">
              <value>
                <![CDATA[]]>
              </value>
            </param>
            <param index="44">
              <value>
                <![CDATA[]]>
              </value>
            </param>
            <param index="45">
              <value>
                <![CDATA[]]>
              </value>
            </param>
            <param index="46">
              <value>
                <![CDATA[]]>
              </value>
            </param>
            <param index="47">
              <value>
                <![CDATA[]]>
              </value>
            </param>
            <param index="48">
              <value>
                <![CDATA[]]>
              </value>
            </param>
            <param index="49">
              <value>
                <![CDATA[]]>
              </value>
            </param>
            <param index="50">
              <value>
                <![CDATA[]]>
              </value>
            </param>
            <param index="51">
              <value>
                <![CDATA[]]>
              </value>
            </param>
            <param index="52">
              <value>
                <![CDATA[]]>
              </value>
            </param>
            <param index="53">
              <value>
                <![CDATA[]]>
              </value>
            </param>
            <param index="54">
              <value>
                <![CDATA[]]>
              </value>
            </param>
            <param index="55">
              <value>
                <![CDATA[]]>
              </value>
            </param>
            <param index="56">
              <value>
                <![CDATA[]]>
              </value>
            </param>
            <param index="57">
              <value>
                <![CDATA[]]>
              </value>
            </param>
            <param index="58">
              <value>
                <![CDATA[]]>
              </value>
            </param>
            <param index="59">
              <value>
                <![CDATA[]]>
              </value>
            </param>
            <param index="60">
              <value>
                <![CDATA[]]>
              </value>
            </param>
            <param index="61">
              <value>
                <![CDATA[]]>
              </value>
            </param>
            <param index="62">
              <value>
                <![CDATA[]]>
              </value>
            </param>
            <param index="63">
              <value>
                <![CDATA[]]>
              </value>
            </param>
            <param index="64">
              <value>
                <![CDATA[]]>
              </value>
            </param>
            <param index="65">
              <value>
                <![CDATA[]]>
              </value>
            </param>
            <param index="66">
              <value>
                <![CDATA[]]>
              </value>
            </param>
            <param index="67">
              <value>
                <![CDATA[]]>
              </value>
            </param>
            <param index="68">
              <value>
                <![CDATA[]]>
              </value>
            </param>
            <param index="69">
              <value>
                <![CDATA[]]>
              </value>
            </param>
          </params>
          <reporter-output>
          </reporter-output>
        </test-method> <!-- Mobile_Validation -->
        <test-method status="PASS" signature="tearDown()[pri:0, instance:Main_Runner.Running_Class@4c9f8c13]" name="tearDown" is-config="true" duration-ms="265" started-at="2022-05-16T21:17:32Z" finished-at="2022-05-16T21:17:32Z">
          <reporter-output>
          </reporter-output>
        </test-method> <!-- tearDown -->
      </class> <!-- Main_Runner.Running_Class -->
    </test> <!-- Default test -->
  </suite> <!-- Default suite -->
</testng-results>
