<?xml version="1.0" encoding="UTF-8"?>
<!-- Generated by org.testng.reporters.JUnitXMLReporter -->
<testsuite hostname="DIGITAL-0070" ignored="0" name="Default test" tests="5" failures="0" timestamp="06 May 2022 07:22:23 GMT" time="390.932" errors="0">
  <testcase name="Mobile_Validation" time="201.971" classname="Main_Runner.Running_Class"/>
  <testcase name="Mobile_Validation" time="43.173" classname="Main_Runner.Running_Class"/>
  <testcase name="Mobile_Validation" time="45.286" classname="Main_Runner.Running_Class"/>
  <testcase name="Mobile_Validation" time="44.594" classname="Main_Runner.Running_Class"/>
  <testcase name="Mobile_Validation" time="46.875" classname="Main_Runner.Running_Class"/>
</testsuite> <!-- Default test -->
