<?xml version="1.0" encoding="UTF-8"?>
<testng-results skipped="0" failed="0" ignored="0" total="1" passed="1">
  <reporter-output>
  </reporter-output>
  <suite name="All Test Suite" duration-ms="49444" started-at="2022-05-20T18:43:37 IST" finished-at="2022-05-20T18:44:26 IST">
    <groups>
    </groups>
    <test name="C:/Users/s2605/IdeaProjects/untitled" duration-ms="49444" started-at="2022-05-20T18:43:37 IST" finished-at="2022-05-20T18:44:26 IST">
      <class name="Main_Runner.Running_Class">
        <test-method status="PASS" signature="ExtentReport()[pri:0, instance:Main_Runner.Running_Class@77167fb7]" name="ExtentReport" is-config="true" duration-ms="162" started-at="2022-05-20T18:43:37 IST" finished-at="2022-05-20T18:43:37 IST">
          <reporter-output>
          </reporter-output>
        </test-method> <!-- ExtentReport -->
        <test-method status="PASS" signature="All_Pages(java.lang.String,java.lang.String,java.lang.String,java.lang.String,java.lang.String,java.lang.String,java.lang.String,java.lang.String,java.lang.String,java.lang.String,java.lang.String,java.lang.String,java.lang.String,java.lang.String,java.lang.String,java.lang.String,java.lang.String,java.lang.String,java.lang.String,java.lang.String,java.lang.String,java.lang.String,java.lang.String,java.lang.String,java.lang.String,java.lang.String,java.lang.String,java.lang.String,java.lang.String,java.lang.String,java.lang.String,java.lang.String,java.lang.String,java.lang.String,java.lang.String,java.lang.String,java.lang.String,java.lang.String,java.lang.String,java.lang.String,java.lang.String,java.lang.String,java.lang.String,java.lang.String,java.lang.String,java.lang.String,java.lang.String,java.lang.String,java.lang.String,java.lang.String,java.lang.String,java.lang.String,java.lang.String,java.lang.String,java.lang.String,java.lang.String,java.lang.String,java.lang.String,java.lang.String,java.lang.String,java.lang.String,java.lang.String,java.lang.String,java.lang.String,java.lang.String,java.lang.String,java.lang.String,java.lang.String)[pri:0, instance:Main_Runner.Running_Class@77167fb7]" name="All_Pages" duration-ms="48345" started-at="2022-05-20T18:43:38 IST" data-provider="getTestData" finished-at="2022-05-20T18:44:26 IST">
          <params>
            <param index="0">
              <value>
                <![CDATA[1]]>
              </value>
            </param>
            <param index="1">
              <value>
                <![CDATA[Iteration_1]]>
              </value>
            </param>
            <param index="2">
              <value>
                <![CDATA[7777777985]]>
              </value>
            </param>
            <param index="3">
              <value>
                <![CDATA[600004]]>
              </value>
            </param>
            <param index="4">
              <value>
                <![CDATA[sathi@gmail.com]]>
              </value>
            </param>
            <param index="5">
              <value>
                <![CDATA[111111]]>
              </value>
            </param>
            <param index="6">
              <value>
                <![CDATA[10]]>
              </value>
            </param>
            <param index="7">
              <value>
                <![CDATA[12]]>
              </value>
            </param>
            <param index="8">
              <value>
                <![CDATA[On Maturity]]>
              </value>
            </param>
            <param index="9">
              <value>
                <![CDATA[HAMPD2131L]]>
              </value>
            </param>
            <param index="10">
              <value>
                <![CDATA[sree]]>
              </value>
            </param>
            <param index="11">
              <value>
                <![CDATA[]]>
              </value>
            </param>
            <param index="12">
              <value>
                <![CDATA[PASSPORT]]>
              </value>
            </param>
            <param index="13">
              <value>
                <![CDATA[1234FHDE4567]]>
              </value>
            </param>
            <param index="14">
              <value>
                <![CDATA[C:\Users\s2605\Desktop\Untitled.jpg]]>
              </value>
            </param>
            <param index="15">
              <value>
                <![CDATA[C:\Users\s2605\Desktop\Untitled.jpg]]>
              </value>
            </param>
            <param index="16">
              <value>
                <![CDATA[plot no]]>
              </value>
            </param>
            <param index="17">
              <value>
                <![CDATA[sarojammal street]]>
              </value>
            </param>
            <param index="18">
              <value>
                <![CDATA[600004.0]]>
              </value>
            </param>
            <param index="19">
              <value>
                <![CDATA[C:\Users\s2605\Desktop\Untitled.jpg]]>
              </value>
            </param>
            <param index="20">
              <value>
                <![CDATA[123123123123123]]>
              </value>
            </param>
            <param index="21">
              <value>
                <![CDATA[123123123123123]]>
              </value>
            </param>
            <param index="22">
              <value>
                <![CDATA[SBI]]>
              </value>
            </param>
            <param index="23">
              <value>
                <![CDATA[Chennai]]>
              </value>
            </param>
            <param index="24">
              <value>
                <![CDATA[SBIN0010303]]>
              </value>
            </param>
            <param index="25">
              <value>
                <![CDATA[Savingss]]>
              </value>
            </param>
            <param index="26">
              <value>
                <![CDATA[sathish]]>
              </value>
            </param>
            <param index="27">
              <value>
                <![CDATA[GYFPD1927L]]>
              </value>
            </param>
            <param index="28">
              <value>
                <![CDATA[sree]]>
              </value>
            </param>
            <param index="29">
              <value>
                <![CDATA[sree@gmail.com]]>
              </value>
            </param>
            <param index="30">
              <value>
                <![CDATA[]]>
              </value>
            </param>
            <param index="31">
              <value>
                <![CDATA[]]>
              </value>
            </param>
            <param index="32">
              <value>
                <![CDATA[]]>
              </value>
            </param>
            <param index="33">
              <value>
                <![CDATA[]]>
              </value>
            </param>
            <param index="34">
              <value>
                <![CDATA[]]>
              </value>
            </param>
            <param index="35">
              <value>
                <![CDATA[]]>
              </value>
            </param>
            <param index="36">
              <value>
                <![CDATA[]]>
              </value>
            </param>
            <param index="37">
              <value>
                <![CDATA[]]>
              </value>
            </param>
            <param index="38">
              <value>
                <![CDATA[C:\Users\s2605\Downloads\check-cheque-chequebook-template-guilloche-260nw-1291084963.jpg]]>
              </value>
            </param>
            <param index="39">
              <value>
                <![CDATA[Others]]>
              </value>
            </param>
            <param index="40">
              <value>
                <![CDATA[Married]]>
              </value>
            </param>
            <param index="41">
              <value>
                <![CDATA[Redeem on Maturity]]>
              </value>
            </param>
            <param index="42">
              <value>
                <![CDATA[Sree]]>
              </value>
            </param>
            <param index="43">
              <value>
                <![CDATA[Periyasamy]]>
              </value>
            </param>
            <param index="44">
              <value>
                <![CDATA[Yes]]>
              </value>
            </param>
            <param index="45">
              <value>
                <![CDATA[Yes]]>
              </value>
            </param>
            <param index="46">
              <value>
                <![CDATA[2021-2022]]>
              </value>
            </param>
            <param index="47">
              <value>
                <![CDATA[10000]]>
              </value>
            </param>
            <param index="48">
              <value>
                <![CDATA[1000656]]>
              </value>
            </param>
            <param index="49">
              <value>
                <![CDATA[5]]>
              </value>
            </param>
            <param index="50">
              <value>
                <![CDATA[25000]]>
              </value>
            </param>
            <param index="51">
              <value>
                <![CDATA[Yes]]>
              </value>
            </param>
            <param index="52">
              <value>
                <![CDATA[Father]]>
              </value>
            </param>
            <param index="53">
              <value>
                <![CDATA[Mr]]>
              </value>
            </param>
            <param index="54">
              <value>
                <![CDATA[sathish]]>
              </value>
            </param>
            <param index="55">
              <value>
                <![CDATA[sree]]>
              </value>
            </param>
            <param index="56">
              <value>
                <![CDATA[periyasamy]]>
              </value>
            </param>
            <param index="57">
              <value>
                <![CDATA[04/04/1999]]>
              </value>
            </param>
            <param index="58">
              <value>
                <![CDATA[Yes]]>
              </value>
            </param>
            <param index="59">
              <value>
                <![CDATA[219]]>
              </value>
            </param>
            <param index="60">
              <value>
                <![CDATA[sarojammal street ]]>
              </value>
            </param>
            <param index="61">
              <value>
                <![CDATA[keelkattali]]>
              </value>
            </param>
            <param index="62">
              <value>
                <![CDATA[Chennai]]>
              </value>
            </param>
            <param index="63">
              <value>
                <![CDATA[Tamil  Nadu]]>
              </value>
            </param>
            <param index="64">
              <value>
                <![CDATA[600004]]>
              </value>
            </param>
            <param index="65">
              <value>
                <![CDATA[Yes]]>
              </value>
            </param>
            <param index="66">
              <value>
                <![CDATA[Farmer]]>
              </value>
            </param>
            <param index="67">
              <value>
                <![CDATA[Yes]]>
              </value>
            </param>
          </params>
          <reporter-output>
          </reporter-output>
        </test-method> <!-- All_Pages -->
        <test-method status="PASS" signature="tearDown()[pri:0, instance:Main_Runner.Running_Class@77167fb7]" name="tearDown" is-config="true" duration-ms="2" started-at="2022-05-20T18:44:26 IST" finished-at="2022-05-20T18:44:26 IST">
          <reporter-output>
          </reporter-output>
        </test-method> <!-- tearDown -->
      </class> <!-- Main_Runner.Running_Class -->
    </test> <!-- C:/Users/s2605/IdeaProjects/untitled -->
  </suite> <!-- All Test Suite -->
</testng-results>
