<?xml version="1.0" encoding="UTF-8"?>
<testng-results skipped="0" failed="0" ignored="0" total="12" passed="12">
  <reporter-output>
  </reporter-output>
  <suite name="Default suite" duration-ms="474830" started-at="2022-05-19T05:04:19Z" finished-at="2022-05-19T05:12:14Z">
    <groups>
    </groups>
    <test name="Default test" duration-ms="474830" started-at="2022-05-19T05:04:19Z" finished-at="2022-05-19T05:12:14Z">
      <class name="Main_Runner.Main_Field_Running">
        <test-method status="PASS" signature="ExtentReport()[pri:0, instance:Main_Runner.Main_Field_Running@22a637e7]" name="ExtentReport" is-config="true" duration-ms="175" started-at="2022-05-19T10:34:19Z" finished-at="2022-05-19T10:34:19Z">
          <reporter-output>
          </reporter-output>
        </test-method> <!-- ExtentReport -->
        <test-method status="PASS" signature="Final_Run(java.lang.String, java.lang.String, java.lang.String, java.lang.String, java.lang.String, java.lang.String, java.lang.String, java.lang.String, java.lang.String, java.lang.String, java.lang.String, java.lang.String)[pri:0, instance:Main_Runner.Main_Field_Running@22a637e7]" name="Final_Run" duration-ms="30765" started-at="2022-05-19T10:34:20Z" data-provider="getTestData" finished-at="2022-05-19T10:34:51Z">
          <params>
            <param index="0">
              <value>
                <![CDATA[1]]>
              </value>
            </param>
            <param index="1">
              <value>
                <![CDATA[]]>
              </value>
            </param>
            <param index="2">
              <value>
                <![CDATA[Invalid Mobile Number]]>
              </value>
            </param>
            <param index="3">
              <value>
                <![CDATA[5904501736]]>
              </value>
            </param>
            <param index="4">
              <value>
                <![CDATA[600004]]>
              </value>
            </param>
            <param index="5">
              <value>
                <![CDATA[sathish@gmail.com]]>
              </value>
            </param>
            <param index="6">
              <value>
                <![CDATA[111111]]>
              </value>
            </param>
            <param index="7">
              <value>
                <![CDATA[10]]>
              </value>
            </param>
            <param index="8">
              <value>
                <![CDATA[12]]>
              </value>
            </param>
            <param index="9">
              <value>
                <![CDATA[onMaturity]]>
              </value>
            </param>
            <param index="10">
              <value>
                <![CDATA[KFEPS4704E]]>
              </value>
            </param>
            <param index="11">
              <value>
                <![CDATA[sree]]>
              </value>
            </param>
          </params>
          <reporter-output>
          </reporter-output>
        </test-method> <!-- Final_Run -->
        <test-method status="PASS" signature="Final_Run(java.lang.String, java.lang.String, java.lang.String, java.lang.String, java.lang.String, java.lang.String, java.lang.String, java.lang.String, java.lang.String, java.lang.String, java.lang.String, java.lang.String)[pri:0, instance:Main_Runner.Main_Field_Running@22a637e7]" name="Final_Run" duration-ms="34780" started-at="2022-05-19T10:34:51Z" data-provider="getTestData" finished-at="2022-05-19T10:35:26Z">
          <params>
            <param index="0">
              <value>
                <![CDATA[2]]>
              </value>
            </param>
            <param index="1">
              <value>
                <![CDATA[]]>
              </value>
            </param>
            <param index="2">
              <value>
                <![CDATA[Invalid Mobile Number]]>
              </value>
            </param>
            <param index="3">
              <value>
                <![CDATA[4904501736]]>
              </value>
            </param>
            <param index="4">
              <value>
                <![CDATA[600004]]>
              </value>
            </param>
            <param index="5">
              <value>
                <![CDATA[sathish@gmail.com]]>
              </value>
            </param>
            <param index="6">
              <value>
                <![CDATA[111111]]>
              </value>
            </param>
            <param index="7">
              <value>
                <![CDATA[115]]>
              </value>
            </param>
            <param index="8">
              <value>
                <![CDATA[12]]>
              </value>
            </param>
            <param index="9">
              <value>
                <![CDATA[Monthly]]>
              </value>
            </param>
            <param index="10">
              <value>
                <![CDATA[KFEPS4704E]]>
              </value>
            </param>
            <param index="11">
              <value>
                <![CDATA[sree]]>
              </value>
            </param>
          </params>
          <reporter-output>
          </reporter-output>
        </test-method> <!-- Final_Run -->
        <test-method status="PASS" signature="Final_Run(java.lang.String, java.lang.String, java.lang.String, java.lang.String, java.lang.String, java.lang.String, java.lang.String, java.lang.String, java.lang.String, java.lang.String, java.lang.String, java.lang.String)[pri:0, instance:Main_Runner.Main_Field_Running@22a637e7]" name="Final_Run" duration-ms="46700" started-at="2022-05-19T10:35:26Z" data-provider="getTestData" finished-at="2022-05-19T10:36:12Z">
          <params>
            <param index="0">
              <value>
                <![CDATA[3]]>
              </value>
            </param>
            <param index="1">
              <value>
                <![CDATA[]]>
              </value>
            </param>
            <param index="2">
              <value>
                <![CDATA[Invalid Mobile Number]]>
              </value>
            </param>
            <param index="3">
              <value>
                <![CDATA[3325642125]]>
              </value>
            </param>
            <param index="4">
              <value>
                <![CDATA[600004]]>
              </value>
            </param>
            <param index="5">
              <value>
                <![CDATA[sathish@gmail.com]]>
              </value>
            </param>
            <param index="6">
              <value>
                <![CDATA[111111]]>
              </value>
            </param>
            <param index="7">
              <value>
                <![CDATA[100]]>
              </value>
            </param>
            <param index="8">
              <value>
                <![CDATA[12]]>
              </value>
            </param>
            <param index="9">
              <value>
                <![CDATA[Quarterly]]>
              </value>
            </param>
            <param index="10">
              <value>
                <![CDATA[KFEPS4704E]]>
              </value>
            </param>
            <param index="11">
              <value>
                <![CDATA[sree]]>
              </value>
            </param>
          </params>
          <reporter-output>
          </reporter-output>
        </test-method> <!-- Final_Run -->
        <test-method status="PASS" signature="Final_Run(java.lang.String, java.lang.String, java.lang.String, java.lang.String, java.lang.String, java.lang.String, java.lang.String, java.lang.String, java.lang.String, java.lang.String, java.lang.String, java.lang.String)[pri:0, instance:Main_Runner.Main_Field_Running@22a637e7]" name="Final_Run" duration-ms="31790" started-at="2022-05-19T10:36:12Z" data-provider="getTestData" finished-at="2022-05-19T10:36:44Z">
          <params>
            <param index="0">
              <value>
                <![CDATA[4]]>
              </value>
            </param>
            <param index="1">
              <value>
                <![CDATA[]]>
              </value>
            </param>
            <param index="2">
              <value>
                <![CDATA[Invalid pincode]]>
              </value>
            </param>
            <param index="3">
              <value>
                <![CDATA[9488712093]]>
              </value>
            </param>
            <param index="4">
              <value>
                <![CDATA[606201]]>
              </value>
            </param>
            <param index="5">
              <value>
                <![CDATA[sathish@gmail.com]]>
              </value>
            </param>
            <param index="6">
              <value>
                <![CDATA[111111]]>
              </value>
            </param>
            <param index="7">
              <value>
                <![CDATA[1000]]>
              </value>
            </param>
            <param index="8">
              <value>
                <![CDATA[12]]>
              </value>
            </param>
            <param index="9">
              <value>
                <![CDATA[Half-Yearly]]>
              </value>
            </param>
            <param index="10">
              <value>
                <![CDATA[KFEPS4704E]]>
              </value>
            </param>
            <param index="11">
              <value>
                <![CDATA[sree]]>
              </value>
            </param>
          </params>
          <reporter-output>
          </reporter-output>
        </test-method> <!-- Final_Run -->
        <test-method status="PASS" signature="Final_Run(java.lang.String, java.lang.String, java.lang.String, java.lang.String, java.lang.String, java.lang.String, java.lang.String, java.lang.String, java.lang.String, java.lang.String, java.lang.String, java.lang.String)[pri:0, instance:Main_Runner.Main_Field_Running@22a637e7]" name="Final_Run" duration-ms="31507" started-at="2022-05-19T10:36:44Z" data-provider="getTestData" finished-at="2022-05-19T10:37:16Z">
          <params>
            <param index="0">
              <value>
                <![CDATA[5]]>
              </value>
            </param>
            <param index="1">
              <value>
                <![CDATA[]]>
              </value>
            </param>
            <param index="2">
              <value>
                <![CDATA[Invalid pincode]]>
              </value>
            </param>
            <param index="3">
              <value>
                <![CDATA[9488712093]]>
              </value>
            </param>
            <param index="4">
              <value>
                <![CDATA[606202]]>
              </value>
            </param>
            <param index="5">
              <value>
                <![CDATA[sathish@gmail.com]]>
              </value>
            </param>
            <param index="6">
              <value>
                <![CDATA[111111]]>
              </value>
            </param>
            <param index="7">
              <value>
                <![CDATA[10]]>
              </value>
            </param>
            <param index="8">
              <value>
                <![CDATA[12]]>
              </value>
            </param>
            <param index="9">
              <value>
                <![CDATA[Yearly]]>
              </value>
            </param>
            <param index="10">
              <value>
                <![CDATA[KFEPS4704E]]>
              </value>
            </param>
            <param index="11">
              <value>
                <![CDATA[sree]]>
              </value>
            </param>
          </params>
          <reporter-output>
          </reporter-output>
        </test-method> <!-- Final_Run -->
        <test-method status="PASS" signature="Final_Run(java.lang.String, java.lang.String, java.lang.String, java.lang.String, java.lang.String, java.lang.String, java.lang.String, java.lang.String, java.lang.String, java.lang.String, java.lang.String, java.lang.String)[pri:0, instance:Main_Runner.Main_Field_Running@22a637e7]" name="Final_Run" duration-ms="29739" started-at="2022-05-19T10:37:16Z" data-provider="getTestData" finished-at="2022-05-19T10:37:45Z">
          <params>
            <param index="0">
              <value>
                <![CDATA[6]]>
              </value>
            </param>
            <param index="1">
              <value>
                <![CDATA[]]>
              </value>
            </param>
            <param index="2">
              <value>
                <![CDATA[Please enter a valid Email ID]]>
              </value>
            </param>
            <param index="3">
              <value>
                <![CDATA[9488712093]]>
              </value>
            </param>
            <param index="4">
              <value>
                <![CDATA[600004]]>
              </value>
            </param>
            <param index="5">
              <value>
                <![CDATA[sathishgmail.com]]>
              </value>
            </param>
            <param index="6">
              <value>
                <![CDATA[111111]]>
              </value>
            </param>
            <param index="7">
              <value>
                <![CDATA[115]]>
              </value>
            </param>
            <param index="8">
              <value>
                <![CDATA[12]]>
              </value>
            </param>
            <param index="9">
              <value>
                <![CDATA[onMaturity]]>
              </value>
            </param>
            <param index="10">
              <value>
                <![CDATA[KFEPS4704E]]>
              </value>
            </param>
            <param index="11">
              <value>
                <![CDATA[sree]]>
              </value>
            </param>
          </params>
          <reporter-output>
          </reporter-output>
        </test-method> <!-- Final_Run -->
        <test-method status="PASS" signature="Final_Run(java.lang.String, java.lang.String, java.lang.String, java.lang.String, java.lang.String, java.lang.String, java.lang.String, java.lang.String, java.lang.String, java.lang.String, java.lang.String, java.lang.String)[pri:0, instance:Main_Runner.Main_Field_Running@22a637e7]" name="Final_Run" duration-ms="28702" started-at="2022-05-19T10:37:45Z" data-provider="getTestData" finished-at="2022-05-19T10:38:14Z">
          <params>
            <param index="0">
              <value>
                <![CDATA[7]]>
              </value>
            </param>
            <param index="1">
              <value>
                <![CDATA[]]>
              </value>
            </param>
            <param index="2">
              <value>
                <![CDATA[Please enter a valid Email ID]]>
              </value>
            </param>
            <param index="3">
              <value>
                <![CDATA[9488712093]]>
              </value>
            </param>
            <param index="4">
              <value>
                <![CDATA[600004]]>
              </value>
            </param>
            <param index="5">
              <value>
                <![CDATA[sathish@]]>
              </value>
            </param>
            <param index="6">
              <value>
                <![CDATA[111111]]>
              </value>
            </param>
            <param index="7">
              <value>
                <![CDATA[100]]>
              </value>
            </param>
            <param index="8">
              <value>
                <![CDATA[12]]>
              </value>
            </param>
            <param index="9">
              <value>
                <![CDATA[Monthly]]>
              </value>
            </param>
            <param index="10">
              <value>
                <![CDATA[KFEPS4704E]]>
              </value>
            </param>
            <param index="11">
              <value>
                <![CDATA[sree]]>
              </value>
            </param>
          </params>
          <reporter-output>
          </reporter-output>
        </test-method> <!-- Final_Run -->
        <test-method status="PASS" signature="Final_Run(java.lang.String, java.lang.String, java.lang.String, java.lang.String, java.lang.String, java.lang.String, java.lang.String, java.lang.String, java.lang.String, java.lang.String, java.lang.String, java.lang.String)[pri:0, instance:Main_Runner.Main_Field_Running@22a637e7]" name="Final_Run" duration-ms="29881" started-at="2022-05-19T10:38:14Z" data-provider="getTestData" finished-at="2022-05-19T10:38:44Z">
          <params>
            <param index="0">
              <value>
                <![CDATA[8]]>
              </value>
            </param>
            <param index="1">
              <value>
                <![CDATA[]]>
              </value>
            </param>
            <param index="2">
              <value>
                <![CDATA[Please enter a valid Email ID]]>
              </value>
            </param>
            <param index="3">
              <value>
                <![CDATA[9488712093]]>
              </value>
            </param>
            <param index="4">
              <value>
                <![CDATA[600004]]>
              </value>
            </param>
            <param index="5">
              <value>
                <![CDATA[hjsfgwgtwuit]]>
              </value>
            </param>
            <param index="6">
              <value>
                <![CDATA[111111]]>
              </value>
            </param>
            <param index="7">
              <value>
                <![CDATA[1000]]>
              </value>
            </param>
            <param index="8">
              <value>
                <![CDATA[12]]>
              </value>
            </param>
            <param index="9">
              <value>
                <![CDATA[Quarterly]]>
              </value>
            </param>
            <param index="10">
              <value>
                <![CDATA[KFEPS4704E]]>
              </value>
            </param>
            <param index="11">
              <value>
                <![CDATA[sree]]>
              </value>
            </param>
          </params>
          <reporter-output>
          </reporter-output>
        </test-method> <!-- Final_Run -->
        <test-method status="PASS" signature="Final_Run(java.lang.String, java.lang.String, java.lang.String, java.lang.String, java.lang.String, java.lang.String, java.lang.String, java.lang.String, java.lang.String, java.lang.String, java.lang.String, java.lang.String)[pri:0, instance:Main_Runner.Main_Field_Running@22a637e7]" name="Final_Run" duration-ms="31223" started-at="2022-05-19T10:38:44Z" data-provider="getTestData" finished-at="2022-05-19T10:39:15Z">
          <params>
            <param index="0">
              <value>
                <![CDATA[9]]>
              </value>
            </param>
            <param index="1">
              <value>
                <![CDATA[]]>
              </value>
            </param>
            <param index="2">
              <value>
                <![CDATA[Invalid OTP]]>
              </value>
            </param>
            <param index="3">
              <value>
                <![CDATA[9488712093]]>
              </value>
            </param>
            <param index="4">
              <value>
                <![CDATA[600004]]>
              </value>
            </param>
            <param index="5">
              <value>
                <![CDATA[sathish@gmail.com]]>
              </value>
            </param>
            <param index="6">
              <value>
                <![CDATA[123456]]>
              </value>
            </param>
            <param index="7">
              <value>
                <![CDATA[10000]]>
              </value>
            </param>
            <param index="8">
              <value>
                <![CDATA[24]]>
              </value>
            </param>
            <param index="9">
              <value>
                <![CDATA[Half-Yearly]]>
              </value>
            </param>
            <param index="10">
              <value>
                <![CDATA[KFEPS4704E]]>
              </value>
            </param>
            <param index="11">
              <value>
                <![CDATA[sree]]>
              </value>
            </param>
          </params>
          <reporter-output>
          </reporter-output>
        </test-method> <!-- Final_Run -->
        <test-method status="PASS" signature="Final_Run(java.lang.String, java.lang.String, java.lang.String, java.lang.String, java.lang.String, java.lang.String, java.lang.String, java.lang.String, java.lang.String, java.lang.String, java.lang.String, java.lang.String)[pri:0, instance:Main_Runner.Main_Field_Running@22a637e7]" name="Final_Run" duration-ms="28893" started-at="2022-05-19T10:39:15Z" data-provider="getTestData" finished-at="2022-05-19T10:39:44Z">
          <params>
            <param index="0">
              <value>
                <![CDATA[10]]>
              </value>
            </param>
            <param index="1">
              <value>
                <![CDATA[]]>
              </value>
            </param>
            <param index="2">
              <value>
                <![CDATA[Landing page ]]>
              </value>
            </param>
            <param index="3">
              <value>
                <![CDATA[9488712093]]>
              </value>
            </param>
            <param index="4">
              <value>
                <![CDATA[600004]]>
              </value>
            </param>
            <param index="5">
              <value>
                <![CDATA[sathish@gmail.com]]>
              </value>
            </param>
            <param index="6">
              <value>
                <![CDATA[111111]]>
              </value>
            </param>
            <param index="7">
              <value>
                <![CDATA[1000]]>
              </value>
            </param>
            <param index="8">
              <value>
                <![CDATA[12]]>
              </value>
            </param>
            <param index="9">
              <value>
                <![CDATA[Yearly]]>
              </value>
            </param>
            <param index="10">
              <value>
                <![CDATA[KFEPS4704E]]>
              </value>
            </param>
            <param index="11">
              <value>
                <![CDATA[sree]]>
              </value>
            </param>
          </params>
          <reporter-output>
          </reporter-output>
        </test-method> <!-- Final_Run -->
        <test-method status="PASS" signature="Final_Run(java.lang.String, java.lang.String, java.lang.String, java.lang.String, java.lang.String, java.lang.String, java.lang.String, java.lang.String, java.lang.String, java.lang.String, java.lang.String, java.lang.String)[pri:0, instance:Main_Runner.Main_Field_Running@22a637e7]" name="Final_Run" duration-ms="32883" started-at="2022-05-19T10:39:44Z" data-provider="getTestData" finished-at="2022-05-19T10:40:17Z">
          <params>
            <param index="0">
              <value>
                <![CDATA[11]]>
              </value>
            </param>
            <param index="1">
              <value>
                <![CDATA[]]>
              </value>
            </param>
            <param index="2">
              <value>
                <![CDATA[Pan details Page ]]>
              </value>
            </param>
            <param index="3">
              <value>
                <![CDATA[9488712093]]>
              </value>
            </param>
            <param index="4">
              <value>
                <![CDATA[600004]]>
              </value>
            </param>
            <param index="5">
              <value>
                <![CDATA[sathish@gmail.com]]>
              </value>
            </param>
            <param index="6">
              <value>
                <![CDATA[111111]]>
              </value>
            </param>
            <param index="7">
              <value>
                <![CDATA[100]]>
              </value>
            </param>
            <param index="8">
              <value>
                <![CDATA[24]]>
              </value>
            </param>
            <param index="9">
              <value>
                <![CDATA[onMaturity]]>
              </value>
            </param>
            <param index="10">
              <value>
                <![CDATA[]]>
              </value>
            </param>
            <param index="11">
              <value>
                <![CDATA[]]>
              </value>
            </param>
          </params>
          <reporter-output>
          </reporter-output>
        </test-method> <!-- Final_Run -->
        <test-method status="PASS" signature="Final_Run(java.lang.String, java.lang.String, java.lang.String, java.lang.String, java.lang.String, java.lang.String, java.lang.String, java.lang.String, java.lang.String, java.lang.String, java.lang.String, java.lang.String)[pri:0, instance:Main_Runner.Main_Field_Running@22a637e7]" name="Final_Run" duration-ms="116680" started-at="2022-05-19T10:40:17Z" data-provider="getTestData" finished-at="2022-05-19T10:42:14Z">
          <params>
            <param index="0">
              <value>
                <![CDATA[12]]>
              </value>
            </param>
            <param index="1">
              <value>
                <![CDATA[]]>
              </value>
            </param>
            <param index="2">
              <value>
                <![CDATA[Pan details Page 1]]>
              </value>
            </param>
            <param index="3">
              <value>
                <![CDATA[9488712093]]>
              </value>
            </param>
            <param index="4">
              <value>
                <![CDATA[600004]]>
              </value>
            </param>
            <param index="5">
              <value>
                <![CDATA[sathish@gmail.com]]>
              </value>
            </param>
            <param index="6">
              <value>
                <![CDATA[111111]]>
              </value>
            </param>
            <param index="7">
              <value>
                <![CDATA[50]]>
              </value>
            </param>
            <param index="8">
              <value>
                <![CDATA[12]]>
              </value>
            </param>
            <param index="9">
              <value>
                <![CDATA[Monthly]]>
              </value>
            </param>
            <param index="10">
              <value>
                <![CDATA[KFEPS4704E]]>
              </value>
            </param>
            <param index="11">
              <value>
                <![CDATA[sree]]>
              </value>
            </param>
          </params>
          <reporter-output>
          </reporter-output>
        </test-method> <!-- Final_Run -->
        <test-method status="PASS" signature="tearDown()[pri:0, instance:Main_Runner.Main_Field_Running@22a637e7]" name="tearDown" is-config="true" duration-ms="1" started-at="2022-05-19T10:42:14Z" finished-at="2022-05-19T10:42:14Z">
          <reporter-output>
          </reporter-output>
        </test-method> <!-- tearDown -->
      </class> <!-- Main_Runner.Main_Field_Running -->
    </test> <!-- Default test -->
  </suite> <!-- Default suite -->
</testng-results>
